La génération a démarré 26/11/2015 16:48:30.
     1>Projet "C:\Users\elecomte\Documents\GitHubVisualStudio\MathProjectVoronoi\MathProjectVoronoi\MathProjectVoronoi.vcxproj" sur le nœud 2 (Build cible(s)).
     1>ClCompile:
         C:\Program Files (x86)\Microsoft Visual Studio 14.0\VC\bin\CL.exe /c /I..\Libs /I..\Libs\glew\include\GL /I..\Libs\glfw\include\GLFW /I..\Libs\glm\glm /ZI /nologo /W3 /WX- /sdl /Od /Oy- /D _MBCS /Gm /EHsc /RTC1 /MDd /GS /fp:precise /Zc:wchar_t /Zc:forScope /Zc:inline /Fo"Debug\\" /Fd"Debug\vc140.pdb" /Gd /TP /analyze- /errorReport:prompt Algorithm.cpp
         Algorithm.cpp
     1>c:\users\elecomte\documents\githubvisualstudio\mathprojectvoronoi\mathprojectvoronoi\algorithm.cpp(11): warning C4018: '<' : incompatibilité signed/unsigned
     1>c:\users\elecomte\documents\githubvisualstudio\mathprojectvoronoi\mathprojectvoronoi\algorithm.cpp(62): warning C4018: '<' : incompatibilité signed/unsigned
       Link:
         C:\Program Files (x86)\Microsoft Visual Studio 14.0\VC\bin\link.exe /ERRORREPORT:PROMPT /OUT:"C:\Users\elecomte\Documents\GitHubVisualStudio\MathProjectVoronoi\Debug\MathProjectVoronoi.exe" /INCREMENTAL /NOLOGO /LIBPATH:..\Libs /LIBPATH:..\Libs\glew\lib\Release\Win32 /LIBPATH:..\Libs\glfw\libVS2015\Debug opengl32.lib glew32s.lib glu32.lib glfw3.lib kernel32.lib user32.lib gdi32.lib winspool.lib comdlg32.lib advapi32.lib shell32.lib ole32.lib oleaut32.lib uuid.lib odbc32.lib odbccp32.lib /NODEFAULTLIB:msvcrt.lib /NODEFAULTLIB:libcmt.lib /MANIFEST /MANIFESTUAC:"level='asInvoker' uiAccess='false'" /manifest:embed /Debug /PDB:"C:\Users\elecomte\Documents\GitHubVisualStudio\MathProjectVoronoi\Debug\MathProjectVoronoi.pdb" /TLBID:1 /DYNAMICBASE /NXCOMPAT /IMPLIB:"C:\Users\elecomte\Documents\GitHubVisualStudio\MathProjectVoronoi\Debug\MathProjectVoronoi.lib" /MACHINE:X86 Debug\Algorithm.obj
         Debug\Camera.obj
         Debug\EsgiShader.obj
         Debug\Landmark.obj
         Debug\main.obj
         Debug\OpenGLRenderer.obj
         Debug\PointPool.obj
         Debug\Time.obj
         MathProjectVoronoi.vcxproj -> C:\Users\elecomte\Documents\GitHubVisualStudio\MathProjectVoronoi\Debug\MathProjectVoronoi.exe
     1>Génération du projet "C:\Users\elecomte\Documents\GitHubVisualStudio\MathProjectVoronoi\MathProjectVoronoi\MathProjectVoronoi.vcxproj" terminée (Build cible(s)).

La génération a réussi.

Temps écoulé 00:00:01.81
